[WARN ]2014-06-12 16:29:03 :Unable to load native-hadoop library for your platform... using builtin-java classes where applicable
[ERROR]2014-06-12 16:29:03 :Failed to locate the winutils binary in the hadoop binary path
java.io.IOException: Could not locate executable null\bin\winutils.exe in the Hadoop binaries.
	at org.apache.hadoop.util.Shell.getQualifiedBinPath(Shell.java:278)
	at org.apache.hadoop.util.Shell.getWinUtilsPath(Shell.java:300)
	at org.apache.hadoop.util.Shell.<clinit>(Shell.java:293)
	at org.apache.hadoop.util.StringUtils.<clinit>(StringUtils.java:76)
	at org.apache.hadoop.conf.Configuration.getStrings(Configuration.java:1514)
	at org.apache.hadoop.hbase.zookeeper.ZKConfig.makeZKProps(ZKConfig.java:113)
	at org.apache.hadoop.hbase.zookeeper.ZKConfig.getZKQuorumServersString(ZKConfig.java:265)
	at org.apache.hadoop.hbase.zookeeper.ZooKeeperWatcher.<init>(ZooKeeperWatcher.java:159)
	at org.apache.hadoop.hbase.zookeeper.ZooKeeperWatcher.<init>(ZooKeeperWatcher.java:134)
	at org.apache.hadoop.hbase.client.ZooKeeperKeepAliveConnection.<init>(ZooKeeperKeepAliveConnection.java:43)
	at org.apache.hadoop.hbase.client.HConnectionManager$HConnectionImplementation.getKeepAliveZooKeeperWatcher(HConnectionManager.java:1710)
	at org.apache.hadoop.hbase.client.ZooKeeperRegistry.getClusterId(ZooKeeperRegistry.java:82)
	at org.apache.hadoop.hbase.client.HConnectionManager$HConnectionImplementation.retrieveClusterId(HConnectionManager.java:806)
	at org.apache.hadoop.hbase.client.HConnectionManager$HConnectionImplementation.<init>(HConnectionManager.java:633)
	at sun.reflect.NativeConstructorAccessorImpl.newInstance0(Native Method)
	at sun.reflect.NativeConstructorAccessorImpl.newInstance(Unknown Source)
	at sun.reflect.DelegatingConstructorAccessorImpl.newInstance(Unknown Source)
	at java.lang.reflect.Constructor.newInstance(Unknown Source)
	at org.apache.hadoop.hbase.client.HConnectionManager.createConnection(HConnectionManager.java:387)
	at org.apache.hadoop.hbase.client.HConnectionManager.createConnection(HConnectionManager.java:366)
	at org.apache.hadoop.hbase.client.HConnectionManager.getConnection(HConnectionManager.java:247)
	at org.apache.hadoop.hbase.client.HTable.<init>(HTable.java:188)
	at org.apache.hadoop.hbase.client.HTable.<init>(HTable.java:150)
	at com.jcm.hbase.client.HBaseClient.write(HBaseClient.java:32)
	at com.jcm.hbase.client.HBaseClient.main(HBaseClient.java:63)
[INFO ]2014-06-12 16:29:03 :Client environment:zookeeper.version=3.4.5-1392090, built on 09/30/2012 17:52 GMT
[INFO ]2014-06-12 16:29:03 :Client environment:host.name=jihuomedia-PC
[INFO ]2014-06-12 16:29:03 :Client environment:java.version=1.7.0_25
[INFO ]2014-06-12 16:29:03 :Client environment:java.vendor=Oracle Corporation
[INFO ]2014-06-12 16:29:03 :Client environment:java.home=C:\Program Files\Java\jre7
[INFO ]2014-06-12 16:29:03 :Client environment:java.class.path=E:\learning\hbase-client\build\classes;E:\software\apache-tomcat-7.0.40\lib\annotations-api.jar;E:\software\apache-tomcat-7.0.40\lib\catalina-ant.jar;E:\software\apache-tomcat-7.0.40\lib\catalina-ha.jar;E:\software\apache-tomcat-7.0.40\lib\catalina-tribes.jar;E:\software\apache-tomcat-7.0.40\lib\catalina.jar;E:\software\apache-tomcat-7.0.40\lib\ecj-4.2.2.jar;E:\software\apache-tomcat-7.0.40\lib\el-api.jar;E:\software\apache-tomcat-7.0.40\lib\jasper-el.jar;E:\software\apache-tomcat-7.0.40\lib\jasper.jar;E:\software\apache-tomcat-7.0.40\lib\jsp-api.jar;E:\software\apache-tomcat-7.0.40\lib\servlet-api.jar;E:\software\apache-tomcat-7.0.40\lib\tomcat-api.jar;E:\software\apache-tomcat-7.0.40\lib\tomcat-coyote.jar;E:\software\apache-tomcat-7.0.40\lib\tomcat-dbcp.jar;E:\software\apache-tomcat-7.0.40\lib\tomcat-i18n-es.jar;E:\software\apache-tomcat-7.0.40\lib\tomcat-i18n-fr.jar;E:\software\apache-tomcat-7.0.40\lib\tomcat-i18n-ja.jar;E:\software\apache-tomcat-7.0.40\lib\tomcat-jdbc.jar;E:\software\apache-tomcat-7.0.40\lib\tomcat-util.jar;E:\learning\hbase-client\lib\hbase-client-0.96.2-hadoop2.jar;E:\learning\hbase-client\lib\activation-1.1.jar;E:\learning\hbase-client\lib\aopalliance-1.0.jar;E:\learning\hbase-client\lib\asm-3.1.jar;E:\learning\hbase-client\lib\avro-1.7.4.jar;E:\learning\hbase-client\lib\commons-beanutils-1.7.0.jar;E:\learning\hbase-client\lib\commons-beanutils-core-1.8.0.jar;E:\learning\hbase-client\lib\commons-cli-1.2.jar;E:\learning\hbase-client\lib\commons-codec-1.7.jar;E:\learning\hbase-client\lib\commons-collections-3.2.1.jar;E:\learning\hbase-client\lib\commons-compress-1.4.1.jar;E:\learning\hbase-client\lib\commons-configuration-1.6.jar;E:\learning\hbase-client\lib\commons-daemon-1.0.13.jar;E:\learning\hbase-client\lib\commons-digester-1.8.jar;E:\learning\hbase-client\lib\commons-el-1.0.jar;E:\learning\hbase-client\lib\commons-httpclient-3.1.jar;E:\learning\hbase-client\lib\commons-io-2.4.jar;E:\learning\hbase-client\lib\commons-lang-2.6.jar;E:\learning\hbase-client\lib\commons-logging-1.1.1.jar;E:\learning\hbase-client\lib\commons-math-2.1.jar;E:\learning\hbase-client\lib\commons-net-3.1.jar;E:\learning\hbase-client\lib\findbugs-annotations-1.3.9-1.jar;E:\learning\hbase-client\lib\gmbal-api-only-3.0.0-b023.jar;E:\learning\hbase-client\lib\grizzly-framework-2.1.2.jar;E:\learning\hbase-client\lib\grizzly-http-2.1.2.jar;E:\learning\hbase-client\lib\grizzly-http-server-2.1.2.jar;E:\learning\hbase-client\lib\grizzly-http-servlet-2.1.2.jar;E:\learning\hbase-client\lib\grizzly-rcm-2.1.2.jar;E:\learning\hbase-client\lib\guava-12.0.1.jar;E:\learning\hbase-client\lib\guice-3.0.jar;E:\learning\hbase-client\lib\guice-servlet-3.0.jar;E:\learning\hbase-client\lib\hadoop-annotations-2.2.0.jar;E:\learning\hbase-client\lib\hadoop-auth-2.2.0.jar;E:\learning\hbase-client\lib\hadoop-client-2.2.0.jar;E:\learning\hbase-client\lib\hadoop-common-2.2.0.jar;E:\learning\hbase-client\lib\hadoop-hdfs-2.2.0-tests.jar;E:\learning\hbase-client\lib\hadoop-hdfs-2.2.0.jar;E:\learning\hbase-client\lib\hadoop-mapreduce-client-app-2.2.0.jar;E:\learning\hbase-client\lib\hadoop-mapreduce-client-common-2.2.0.jar;E:\learning\hbase-client\lib\hadoop-mapreduce-client-core-2.2.0.jar;E:\learning\hbase-client\lib\hadoop-mapreduce-client-jobclient-2.2.0-tests.jar;E:\learning\hbase-client\lib\hadoop-mapreduce-client-jobclient-2.2.0.jar;E:\learning\hbase-client\lib\hadoop-mapreduce-client-shuffle-2.2.0.jar;E:\learning\hbase-client\lib\hadoop-yarn-api-2.2.0.jar;E:\learning\hbase-client\lib\hadoop-yarn-client-2.2.0.jar;E:\learning\hbase-client\lib\hadoop-yarn-common-2.2.0.jar;E:\learning\hbase-client\lib\hadoop-yarn-server-common-2.2.0.jar;E:\learning\hbase-client\lib\hadoop-yarn-server-nodemanager-2.2.0.jar;E:\learning\hbase-client\lib\hamcrest-core-1.3.jar;E:\learning\hbase-client\lib\hbase-common-0.96.2-hadoop2-tests.jar;E:\learning\hbase-client\lib\hbase-common-0.96.2-hadoop2.jar;E:\learning\hbase-client\lib\hbase-examples-0.96.2-hadoop2.jar;E:\learning\hbase-client\lib\hbase-hadoop-compat-0.96.2-hadoop2.jar;E:\learning\hbase-client\lib\hbase-hadoop2-compat-0.96.2-hadoop2.jar;E:\learning\hbase-client\lib\hbase-it-0.96.2-hadoop2-tests.jar;E:\learning\hbase-client\lib\hbase-it-0.96.2-hadoop2.jar;E:\learning\hbase-client\lib\hbase-prefix-tree-0.96.2-hadoop2.jar;E:\learning\hbase-client\lib\hbase-protocol-0.96.2-hadoop2.jar;E:\learning\hbase-client\lib\hbase-server-0.96.2-hadoop2-tests.jar;E:\learning\hbase-client\lib\hbase-server-0.96.2-hadoop2.jar;E:\learning\hbase-client\lib\hbase-shell-0.96.2-hadoop2.jar;E:\learning\hbase-client\lib\hbase-testing-util-0.96.2-hadoop2.jar;E:\learning\hbase-client\lib\hbase-thrift-0.96.2-hadoop2.jar;E:\learning\hbase-client\lib\htrace-core-2.04.jar;E:\learning\hbase-client\lib\httpclient-4.1.3.jar;E:\learning\hbase-client\lib\httpcore-4.1.3.jar;E:\learning\hbase-client\lib\jackson-core-asl-1.8.8.jar;E:\learning\hbase-client\lib\jackson-jaxrs-1.8.8.jar;E:\learning\hbase-client\lib\jackson-mapper-asl-1.8.8.jar;E:\learning\hbase-client\lib\jackson-xc-1.8.8.jar;E:\learning\hbase-client\lib\jamon-runtime-2.3.1.jar;E:\learning\hbase-client\lib\jasper-compiler-5.5.23.jar;E:\learning\hbase-client\lib\jasper-runtime-5.5.23.jar;E:\learning\hbase-client\lib\javax.inject-1.jar;E:\learning\hbase-client\lib\javax.servlet-3.1.jar;E:\learning\hbase-client\lib\javax.servlet-api-3.0.1.jar;E:\learning\hbase-client\lib\jaxb-api-2.2.2.jar;E:\learning\hbase-client\lib\jaxb-impl-2.2.3-1.jar;E:\learning\hbase-client\lib\jersey-client-1.9.jar;E:\learning\hbase-client\lib\jersey-core-1.8.jar;E:\learning\hbase-client\lib\jersey-grizzly2-1.9.jar;E:\learning\hbase-client\lib\jersey-guice-1.9.jar;E:\learning\hbase-client\lib\jersey-json-1.8.jar;E:\learning\hbase-client\lib\jersey-server-1.8.jar;E:\learning\hbase-client\lib\jersey-test-framework-core-1.9.jar;E:\learning\hbase-client\lib\jersey-test-framework-grizzly2-1.9.jar;E:\learning\hbase-client\lib\jets3t-0.6.1.jar;E:\learning\hbase-client\lib\jettison-1.3.1.jar;E:\learning\hbase-client\lib\jetty-6.1.26.jar;E:\learning\hbase-client\lib\jetty-sslengine-6.1.26.jar;E:\learning\hbase-client\lib\jetty-util-6.1.26.jar;E:\learning\hbase-client\lib\jruby-complete-1.6.8.jar;E:\learning\hbase-client\lib\jsch-0.1.42.jar;E:\learning\hbase-client\lib\jsp-2.1-6.1.14.jar;E:\learning\hbase-client\lib\jsp-api-2.1-6.1.14.jar;E:\learning\hbase-client\lib\jsr305-1.3.9.jar;E:\learning\hbase-client\lib\junit-4.11.jar;E:\learning\hbase-client\lib\libthrift-0.9.0.jar;E:\learning\hbase-client\lib\log4j-1.2.17.jar;E:\learning\hbase-client\lib\management-api-3.0.0-b012.jar;E:\learning\hbase-client\lib\metrics-core-2.1.2.jar;E:\learning\hbase-client\lib\netty-3.6.6.Final.jar;E:\learning\hbase-client\lib\paranamer-2.3.jar;E:\learning\hbase-client\lib\protobuf-java-2.5.0.jar;E:\learning\hbase-client\lib\servlet-api-2.5-6.1.14.jar;E:\learning\hbase-client\lib\slf4j-api-1.6.4.jar;E:\learning\hbase-client\lib\slf4j-log4j12-1.6.4.jar;E:\learning\hbase-client\lib\snappy-java-1.0.4.1.jar;E:\learning\hbase-client\lib\xmlenc-0.52.jar;E:\learning\hbase-client\lib\xz-1.0.jar;E:\learning\hbase-client\lib\zookeeper-3.4.5.jar
[INFO ]2014-06-12 16:29:03 :Client environment:java.library.path=C:\Program Files\Java\jre7\bin;C:\Windows\Sun\Java\bin;C:\Windows\system32;C:\Windows;C:\Python27;C:\Python27\Tools\Scripts;C:\Ruby200-x64\bin;C:\Windows\system32;C:\Windows;C:\Windows\System32\Wbem;C:\Windows\System32\WindowsPowerShell\v1.0\;C:\Program Files\Java\jdk1.7.0_25\bin;E:\mongodb\mongodb2.4.6\bin;C:\Program Files\TortoiseSVN\bin;E:\apache-maven-3.1.1\bin;C:\Program Files\nodejs\;C:\Program Files (x86)\Apache Software Foundation\Apache2.2\bin;C:\Program Files (x86)\MySQL\MySQL Utilities 1.3.6\;E:\apache-cassandra-2.0.6\bin;E:\software\apache-ant-1.8.3\bin;E:\apache-cassandra-2.0.6\bin;C:\Users\Administrator\AppData\Roaming\npm;.
[INFO ]2014-06-12 16:29:03 :Client environment:java.io.tmpdir=C:\Users\ADMINI~1\AppData\Local\Temp\
[INFO ]2014-06-12 16:29:03 :Client environment:java.compiler=<NA>
[INFO ]2014-06-12 16:29:03 :Client environment:os.name=Windows 7
[INFO ]2014-06-12 16:29:03 :Client environment:os.arch=amd64
[INFO ]2014-06-12 16:29:03 :Client environment:os.version=6.1
[INFO ]2014-06-12 16:29:03 :Client environment:user.name=Administrator
[INFO ]2014-06-12 16:29:03 :Client environment:user.home=C:\Users\Administrator
[INFO ]2014-06-12 16:29:03 :Client environment:user.dir=E:\learning\hbase-client
[INFO ]2014-06-12 16:29:03 :Initiating client connection, connectString=localhost:2181 sessionTimeout=90000 watcher=hconnection-0x28acb67a, quorum=localhost:2181, baseZNode=/hbase
[INFO ]2014-06-12 16:29:03 :Opening socket connection to server 127.0.0.1/127.0.0.1:2181. Will not attempt to authenticate using SASL (unknown error)
[INFO ]2014-06-12 16:29:03 :Process identifier=hconnection-0x28acb67a connecting to ZooKeeper ensemble=localhost:2181
[WARN ]2014-06-12 16:29:04 :Session 0x0 for server null, unexpected error, closing socket connection and attempting reconnect
java.net.ConnectException: Connection refused: no further information
	at sun.nio.ch.SocketChannelImpl.checkConnect(Native Method)
	at sun.nio.ch.SocketChannelImpl.finishConnect(Unknown Source)
	at org.apache.zookeeper.ClientCnxnSocketNIO.doTransport(ClientCnxnSocketNIO.java:350)
	at org.apache.zookeeper.ClientCnxn$SendThread.run(ClientCnxn.java:1068)
[INFO ]2014-06-12 16:29:05 :Opening socket connection to server 0:0:0:0:0:0:0:1/0:0:0:0:0:0:0:1:2181. Will not attempt to authenticate using SASL (unknown error)
[WARN ]2014-06-12 16:29:05 :Possibly transient ZooKeeper, quorum=localhost:2181, exception=org.apache.zookeeper.KeeperException$ConnectionLossException: KeeperErrorCode = ConnectionLoss for /hbase/hbaseid
[INFO ]2014-06-12 16:29:05 :Sleeping 1000ms before retry #0...
[WARN ]2014-06-12 16:29:06 :Session 0x0 for server null, unexpected error, closing socket connection and attempting reconnect
java.net.ConnectException: Connection refused: no further information
	at sun.nio.ch.SocketChannelImpl.checkConnect(Native Method)
	at sun.nio.ch.SocketChannelImpl.finishConnect(Unknown Source)
	at org.apache.zookeeper.ClientCnxnSocketNIO.doTransport(ClientCnxnSocketNIO.java:350)
	at org.apache.zookeeper.ClientCnxn$SendThread.run(ClientCnxn.java:1068)
[WARN ]2014-06-12 16:29:06 :Possibly transient ZooKeeper, quorum=localhost:2181, exception=org.apache.zookeeper.KeeperException$ConnectionLossException: KeeperErrorCode = ConnectionLoss for /hbase/hbaseid
[INFO ]2014-06-12 16:29:06 :Sleeping 2000ms before retry #1...
[INFO ]2014-06-12 16:29:07 :Opening socket connection to server 127.0.0.1/127.0.0.1:2181. Will not attempt to authenticate using SASL (unknown error)
[WARN ]2014-06-12 16:29:08 :Session 0x0 for server null, unexpected error, closing socket connection and attempting reconnect
java.net.ConnectException: Connection refused: no further information
	at sun.nio.ch.SocketChannelImpl.checkConnect(Native Method)
	at sun.nio.ch.SocketChannelImpl.finishConnect(Unknown Source)
	at org.apache.zookeeper.ClientCnxnSocketNIO.doTransport(ClientCnxnSocketNIO.java:350)
	at org.apache.zookeeper.ClientCnxn$SendThread.run(ClientCnxn.java:1068)
[INFO ]2014-06-12 16:29:08 :Opening socket connection to server 0:0:0:0:0:0:0:1/0:0:0:0:0:0:0:1:2181. Will not attempt to authenticate using SASL (unknown error)
[WARN ]2014-06-12 16:29:08 :Possibly transient ZooKeeper, quorum=localhost:2181, exception=org.apache.zookeeper.KeeperException$ConnectionLossException: KeeperErrorCode = ConnectionLoss for /hbase/hbaseid
[INFO ]2014-06-12 16:29:08 :Sleeping 4000ms before retry #2...
[WARN ]2014-06-12 16:29:09 :Session 0x0 for server null, unexpected error, closing socket connection and attempting reconnect
java.net.ConnectException: Connection refused: no further information
	at sun.nio.ch.SocketChannelImpl.checkConnect(Native Method)
	at sun.nio.ch.SocketChannelImpl.finishConnect(Unknown Source)
	at org.apache.zookeeper.ClientCnxnSocketNIO.doTransport(ClientCnxnSocketNIO.java:350)
	at org.apache.zookeeper.ClientCnxn$SendThread.run(ClientCnxn.java:1068)
[INFO ]2014-06-12 16:29:10 :Opening socket connection to server 127.0.0.1/127.0.0.1:2181. Will not attempt to authenticate using SASL (unknown error)
[WARN ]2014-06-12 16:29:11 :Session 0x0 for server null, unexpected error, closing socket connection and attempting reconnect
java.net.ConnectException: Connection refused: no further information
	at sun.nio.ch.SocketChannelImpl.checkConnect(Native Method)
	at sun.nio.ch.SocketChannelImpl.finishConnect(Unknown Source)
	at org.apache.zookeeper.ClientCnxnSocketNIO.doTransport(ClientCnxnSocketNIO.java:350)
	at org.apache.zookeeper.ClientCnxn$SendThread.run(ClientCnxn.java:1068)
[INFO ]2014-06-12 16:29:11 :Opening socket connection to server 0:0:0:0:0:0:0:1/0:0:0:0:0:0:0:1:2181. Will not attempt to authenticate using SASL (unknown error)
[WARN ]2014-06-12 16:29:12 :Session 0x0 for server null, unexpected error, closing socket connection and attempting reconnect
java.net.ConnectException: Connection refused: no further information
	at sun.nio.ch.SocketChannelImpl.checkConnect(Native Method)
	at sun.nio.ch.SocketChannelImpl.finishConnect(Unknown Source)
	at org.apache.zookeeper.ClientCnxnSocketNIO.doTransport(ClientCnxnSocketNIO.java:350)
	at org.apache.zookeeper.ClientCnxn$SendThread.run(ClientCnxn.java:1068)
[WARN ]2014-06-12 16:29:12 :Possibly transient ZooKeeper, quorum=localhost:2181, exception=org.apache.zookeeper.KeeperException$ConnectionLossException: KeeperErrorCode = ConnectionLoss for /hbase/hbaseid
[INFO ]2014-06-12 16:29:12 :Sleeping 8000ms before retry #3...
[INFO ]2014-06-12 16:29:13 :Opening socket connection to server 127.0.0.1/127.0.0.1:2181. Will not attempt to authenticate using SASL (unknown error)
[WARN ]2014-06-12 16:29:14 :Session 0x0 for server null, unexpected error, closing socket connection and attempting reconnect
java.net.ConnectException: Connection refused: no further information
	at sun.nio.ch.SocketChannelImpl.checkConnect(Native Method)
	at sun.nio.ch.SocketChannelImpl.finishConnect(Unknown Source)
	at org.apache.zookeeper.ClientCnxnSocketNIO.doTransport(ClientCnxnSocketNIO.java:350)
	at org.apache.zookeeper.ClientCnxn$SendThread.run(ClientCnxn.java:1068)
[INFO ]2014-06-12 16:29:14 :Opening socket connection to server 0:0:0:0:0:0:0:1/0:0:0:0:0:0:0:1:2181. Will not attempt to authenticate using SASL (unknown error)
[WARN ]2014-06-12 16:29:15 :Session 0x0 for server null, unexpected error, closing socket connection and attempting reconnect
java.net.ConnectException: Connection refused: no further information
	at sun.nio.ch.SocketChannelImpl.checkConnect(Native Method)
	at sun.nio.ch.SocketChannelImpl.finishConnect(Unknown Source)
	at org.apache.zookeeper.ClientCnxnSocketNIO.doTransport(ClientCnxnSocketNIO.java:350)
	at org.apache.zookeeper.ClientCnxn$SendThread.run(ClientCnxn.java:1068)
[INFO ]2014-06-12 16:29:16 :Opening socket connection to server 127.0.0.1/127.0.0.1:2181. Will not attempt to authenticate using SASL (unknown error)
[WARN ]2014-06-12 16:29:17 :Session 0x0 for server null, unexpected error, closing socket connection and attempting reconnect
java.net.ConnectException: Connection refused: no further information
	at sun.nio.ch.SocketChannelImpl.checkConnect(Native Method)
	at sun.nio.ch.SocketChannelImpl.finishConnect(Unknown Source)
	at org.apache.zookeeper.ClientCnxnSocketNIO.doTransport(ClientCnxnSocketNIO.java:350)
	at org.apache.zookeeper.ClientCnxn$SendThread.run(ClientCnxn.java:1068)
[INFO ]2014-06-12 16:29:17 :Opening socket connection to server 0:0:0:0:0:0:0:1/0:0:0:0:0:0:0:1:2181. Will not attempt to authenticate using SASL (unknown error)
[WARN ]2014-06-12 16:29:18 :Session 0x0 for server null, unexpected error, closing socket connection and attempting reconnect
java.net.ConnectException: Connection refused: no further information
	at sun.nio.ch.SocketChannelImpl.checkConnect(Native Method)
	at sun.nio.ch.SocketChannelImpl.finishConnect(Unknown Source)
	at org.apache.zookeeper.ClientCnxnSocketNIO.doTransport(ClientCnxnSocketNIO.java:350)
	at org.apache.zookeeper.ClientCnxn$SendThread.run(ClientCnxn.java:1068)
[INFO ]2014-06-12 16:29:19 :Opening socket connection to server 127.0.0.1/127.0.0.1:2181. Will not attempt to authenticate using SASL (unknown error)
[WARN ]2014-06-12 16:29:20 :Session 0x0 for server null, unexpected error, closing socket connection and attempting reconnect
java.net.ConnectException: Connection refused: no further information
	at sun.nio.ch.SocketChannelImpl.checkConnect(Native Method)
	at sun.nio.ch.SocketChannelImpl.finishConnect(Unknown Source)
	at org.apache.zookeeper.ClientCnxnSocketNIO.doTransport(ClientCnxnSocketNIO.java:350)
	at org.apache.zookeeper.ClientCnxn$SendThread.run(ClientCnxn.java:1068)
[INFO ]2014-06-12 16:29:21 :Opening socket connection to server 0:0:0:0:0:0:0:1/0:0:0:0:0:0:0:1:2181. Will not attempt to authenticate using SASL (unknown error)
[WARN ]2014-06-12 16:29:21 :Possibly transient ZooKeeper, quorum=localhost:2181, exception=org.apache.zookeeper.KeeperException$ConnectionLossException: KeeperErrorCode = ConnectionLoss for /hbase/hbaseid
[ERROR]2014-06-12 16:29:21 :ZooKeeper exists failed after 4 attempts
[WARN ]2014-06-12 16:29:21 :hconnection-0x28acb67a, quorum=localhost:2181, baseZNode=/hbase Unable to set watcher on znode (/hbase/hbaseid)
org.apache.zookeeper.KeeperException$ConnectionLossException: KeeperErrorCode = ConnectionLoss for /hbase/hbaseid
	at org.apache.zookeeper.KeeperException.create(KeeperException.java:99)
	at org.apache.zookeeper.KeeperException.create(KeeperException.java:51)
	at org.apache.zookeeper.ZooKeeper.exists(ZooKeeper.java:1041)
	at org.apache.hadoop.hbase.zookeeper.RecoverableZooKeeper.exists(RecoverableZooKeeper.java:199)
	at org.apache.hadoop.hbase.zookeeper.ZKUtil.checkExists(ZKUtil.java:479)
	at org.apache.hadoop.hbase.zookeeper.ZKClusterId.readClusterIdZNode(ZKClusterId.java:65)
	at org.apache.hadoop.hbase.client.ZooKeeperRegistry.getClusterId(ZooKeeperRegistry.java:83)
	at org.apache.hadoop.hbase.client.HConnectionManager$HConnectionImplementation.retrieveClusterId(HConnectionManager.java:806)
	at org.apache.hadoop.hbase.client.HConnectionManager$HConnectionImplementation.<init>(HConnectionManager.java:633)
	at sun.reflect.NativeConstructorAccessorImpl.newInstance0(Native Method)
	at sun.reflect.NativeConstructorAccessorImpl.newInstance(Unknown Source)
	at sun.reflect.DelegatingConstructorAccessorImpl.newInstance(Unknown Source)
	at java.lang.reflect.Constructor.newInstance(Unknown Source)
	at org.apache.hadoop.hbase.client.HConnectionManager.createConnection(HConnectionManager.java:387)
	at org.apache.hadoop.hbase.client.HConnectionManager.createConnection(HConnectionManager.java:366)
	at org.apache.hadoop.hbase.client.HConnectionManager.getConnection(HConnectionManager.java:247)
	at org.apache.hadoop.hbase.client.HTable.<init>(HTable.java:188)
	at org.apache.hadoop.hbase.client.HTable.<init>(HTable.java:150)
	at com.jcm.hbase.client.HBaseClient.write(HBaseClient.java:32)
	at com.jcm.hbase.client.HBaseClient.main(HBaseClient.java:63)
[ERROR]2014-06-12 16:29:21 :hconnection-0x28acb67a, quorum=localhost:2181, baseZNode=/hbase Received unexpected KeeperException, re-throwing exception
org.apache.zookeeper.KeeperException$ConnectionLossException: KeeperErrorCode = ConnectionLoss for /hbase/hbaseid
	at org.apache.zookeeper.KeeperException.create(KeeperException.java:99)
	at org.apache.zookeeper.KeeperException.create(KeeperException.java:51)
	at org.apache.zookeeper.ZooKeeper.exists(ZooKeeper.java:1041)
	at org.apache.hadoop.hbase.zookeeper.RecoverableZooKeeper.exists(RecoverableZooKeeper.java:199)
	at org.apache.hadoop.hbase.zookeeper.ZKUtil.checkExists(ZKUtil.java:479)
	at org.apache.hadoop.hbase.zookeeper.ZKClusterId.readClusterIdZNode(ZKClusterId.java:65)
	at org.apache.hadoop.hbase.client.ZooKeeperRegistry.getClusterId(ZooKeeperRegistry.java:83)
	at org.apache.hadoop.hbase.client.HConnectionManager$HConnectionImplementation.retrieveClusterId(HConnectionManager.java:806)
	at org.apache.hadoop.hbase.client.HConnectionManager$HConnectionImplementation.<init>(HConnectionManager.java:633)
	at sun.reflect.NativeConstructorAccessorImpl.newInstance0(Native Method)
	at sun.reflect.NativeConstructorAccessorImpl.newInstance(Unknown Source)
	at sun.reflect.DelegatingConstructorAccessorImpl.newInstance(Unknown Source)
	at java.lang.reflect.Constructor.newInstance(Unknown Source)
	at org.apache.hadoop.hbase.client.HConnectionManager.createConnection(HConnectionManager.java:387)
	at org.apache.hadoop.hbase.client.HConnectionManager.createConnection(HConnectionManager.java:366)
	at org.apache.hadoop.hbase.client.HConnectionManager.getConnection(HConnectionManager.java:247)
	at org.apache.hadoop.hbase.client.HTable.<init>(HTable.java:188)
	at org.apache.hadoop.hbase.client.HTable.<init>(HTable.java:150)
	at com.jcm.hbase.client.HBaseClient.write(HBaseClient.java:32)
	at com.jcm.hbase.client.HBaseClient.main(HBaseClient.java:63)
[WARN ]2014-06-12 16:29:21 :Can't retrieve clusterId from Zookeeper
org.apache.zookeeper.KeeperException$ConnectionLossException: KeeperErrorCode = ConnectionLoss for /hbase/hbaseid
	at org.apache.zookeeper.KeeperException.create(KeeperException.java:99)
	at org.apache.zookeeper.KeeperException.create(KeeperException.java:51)
	at org.apache.zookeeper.ZooKeeper.exists(ZooKeeper.java:1041)
	at org.apache.hadoop.hbase.zookeeper.RecoverableZooKeeper.exists(RecoverableZooKeeper.java:199)
	at org.apache.hadoop.hbase.zookeeper.ZKUtil.checkExists(ZKUtil.java:479)
	at org.apache.hadoop.hbase.zookeeper.ZKClusterId.readClusterIdZNode(ZKClusterId.java:65)
	at org.apache.hadoop.hbase.client.ZooKeeperRegistry.getClusterId(ZooKeeperRegistry.java:83)
	at org.apache.hadoop.hbase.client.HConnectionManager$HConnectionImplementation.retrieveClusterId(HConnectionManager.java:806)
	at org.apache.hadoop.hbase.client.HConnectionManager$HConnectionImplementation.<init>(HConnectionManager.java:633)
	at sun.reflect.NativeConstructorAccessorImpl.newInstance0(Native Method)
	at sun.reflect.NativeConstructorAccessorImpl.newInstance(Unknown Source)
	at sun.reflect.DelegatingConstructorAccessorImpl.newInstance(Unknown Source)
	at java.lang.reflect.Constructor.newInstance(Unknown Source)
	at org.apache.hadoop.hbase.client.HConnectionManager.createConnection(HConnectionManager.java:387)
	at org.apache.hadoop.hbase.client.HConnectionManager.createConnection(HConnectionManager.java:366)
	at org.apache.hadoop.hbase.client.HConnectionManager.getConnection(HConnectionManager.java:247)
	at org.apache.hadoop.hbase.client.HTable.<init>(HTable.java:188)
	at org.apache.hadoop.hbase.client.HTable.<init>(HTable.java:150)
	at com.jcm.hbase.client.HBaseClient.write(HBaseClient.java:32)
	at com.jcm.hbase.client.HBaseClient.main(HBaseClient.java:63)
[WARN ]2014-06-12 16:29:22 :Session 0x0 for server null, unexpected error, closing socket connection and attempting reconnect
java.net.ConnectException: Connection refused: no further information
	at sun.nio.ch.SocketChannelImpl.checkConnect(Native Method)
	at sun.nio.ch.SocketChannelImpl.finishConnect(Unknown Source)
	at org.apache.zookeeper.ClientCnxnSocketNIO.doTransport(ClientCnxnSocketNIO.java:350)
	at org.apache.zookeeper.ClientCnxn$SendThread.run(ClientCnxn.java:1068)
[WARN ]2014-06-12 16:29:22 :Possibly transient ZooKeeper, quorum=localhost:2181, exception=org.apache.zookeeper.KeeperException$ConnectionLossException: KeeperErrorCode = ConnectionLoss for /hbase/meta-region-server
[INFO ]2014-06-12 16:29:22 :Sleeping 1000ms before retry #0...
[INFO ]2014-06-12 16:29:23 :Opening socket connection to server 127.0.0.1/127.0.0.1:2181. Will not attempt to authenticate using SASL (unknown error)
[WARN ]2014-06-12 16:29:24 :Session 0x0 for server null, unexpected error, closing socket connection and attempting reconnect
java.net.ConnectException: Connection refused: no further information
	at sun.nio.ch.SocketChannelImpl.checkConnect(Native Method)
	at sun.nio.ch.SocketChannelImpl.finishConnect(Unknown Source)
	at org.apache.zookeeper.ClientCnxnSocketNIO.doTransport(ClientCnxnSocketNIO.java:350)
	at org.apache.zookeeper.ClientCnxn$SendThread.run(ClientCnxn.java:1068)
[WARN ]2014-06-12 16:29:24 :Possibly transient ZooKeeper, quorum=localhost:2181, exception=org.apache.zookeeper.KeeperException$ConnectionLossException: KeeperErrorCode = ConnectionLoss for /hbase/meta-region-server
[INFO ]2014-06-12 16:29:24 :Opening socket connection to server 0:0:0:0:0:0:0:1/0:0:0:0:0:0:0:1:2181. Will not attempt to authenticate using SASL (unknown error)
[INFO ]2014-06-12 16:29:24 :Sleeping 2000ms before retry #1...
[WARN ]2014-06-12 16:29:25 :Session 0x0 for server null, unexpected error, closing socket connection and attempting reconnect
java.net.ConnectException: Connection refused: no further information
	at sun.nio.ch.SocketChannelImpl.checkConnect(Native Method)
	at sun.nio.ch.SocketChannelImpl.finishConnect(Unknown Source)
	at org.apache.zookeeper.ClientCnxnSocketNIO.doTransport(ClientCnxnSocketNIO.java:350)
	at org.apache.zookeeper.ClientCnxn$SendThread.run(ClientCnxn.java:1068)
[INFO ]2014-06-12 16:29:26 :Opening socket connection to server 127.0.0.1/127.0.0.1:2181. Will not attempt to authenticate using SASL (unknown error)
[WARN ]2014-06-12 16:29:27 :Session 0x0 for server null, unexpected error, closing socket connection and attempting reconnect
java.net.ConnectException: Connection refused: no further information
	at sun.nio.ch.SocketChannelImpl.checkConnect(Native Method)
	at sun.nio.ch.SocketChannelImpl.finishConnect(Unknown Source)
	at org.apache.zookeeper.ClientCnxnSocketNIO.doTransport(ClientCnxnSocketNIO.java:350)
	at org.apache.zookeeper.ClientCnxn$SendThread.run(ClientCnxn.java:1068)
[WARN ]2014-06-12 16:29:27 :Possibly transient ZooKeeper, quorum=localhost:2181, exception=org.apache.zookeeper.KeeperException$ConnectionLossException: KeeperErrorCode = ConnectionLoss for /hbase/meta-region-server
[INFO ]2014-06-12 16:29:27 :Opening socket connection to server 0:0:0:0:0:0:0:1/0:0:0:0:0:0:0:1:2181. Will not attempt to authenticate using SASL (unknown error)
[INFO ]2014-06-12 16:29:27 :Sleeping 4000ms before retry #2...
[WARN ]2014-06-12 16:29:28 :Session 0x0 for server null, unexpected error, closing socket connection and attempting reconnect
java.net.ConnectException: Connection refused: no further information
	at sun.nio.ch.SocketChannelImpl.checkConnect(Native Method)
	at sun.nio.ch.SocketChannelImpl.finishConnect(Unknown Source)
	at org.apache.zookeeper.ClientCnxnSocketNIO.doTransport(ClientCnxnSocketNIO.java:350)
	at org.apache.zookeeper.ClientCnxn$SendThread.run(ClientCnxn.java:1068)
[INFO ]2014-06-12 16:29:29 :Opening socket connection to server 127.0.0.1/127.0.0.1:2181. Will not attempt to authenticate using SASL (unknown error)
[WARN ]2014-06-12 16:29:30 :Session 0x0 for server null, unexpected error, closing socket connection and attempting reconnect
java.net.ConnectException: Connection refused: no further information
	at sun.nio.ch.SocketChannelImpl.checkConnect(Native Method)
	at sun.nio.ch.SocketChannelImpl.finishConnect(Unknown Source)
	at org.apache.zookeeper.ClientCnxnSocketNIO.doTransport(ClientCnxnSocketNIO.java:350)
	at org.apache.zookeeper.ClientCnxn$SendThread.run(ClientCnxn.java:1068)
[INFO ]2014-06-12 16:29:30 :Opening socket connection to server 0:0:0:0:0:0:0:1/0:0:0:0:0:0:0:1:2181. Will not attempt to authenticate using SASL (unknown error)
[WARN ]2014-06-12 16:29:31 :Session 0x0 for server null, unexpected error, closing socket connection and attempting reconnect
java.net.ConnectException: Connection refused: no further information
	at sun.nio.ch.SocketChannelImpl.checkConnect(Native Method)
	at sun.nio.ch.SocketChannelImpl.finishConnect(Unknown Source)
	at org.apache.zookeeper.ClientCnxnSocketNIO.doTransport(ClientCnxnSocketNIO.java:350)
	at org.apache.zookeeper.ClientCnxn$SendThread.run(ClientCnxn.java:1068)
[WARN ]2014-06-12 16:29:31 :Possibly transient ZooKeeper, quorum=localhost:2181, exception=org.apache.zookeeper.KeeperException$ConnectionLossException: KeeperErrorCode = ConnectionLoss for /hbase/meta-region-server
[INFO ]2014-06-12 16:29:31 :Sleeping 8000ms before retry #3...
[INFO ]2014-06-12 16:29:32 :Opening socket connection to server 127.0.0.1/127.0.0.1:2181. Will not attempt to authenticate using SASL (unknown error)
[WARN ]2014-06-12 16:29:33 :Session 0x0 for server null, unexpected error, closing socket connection and attempting reconnect
java.net.ConnectException: Connection refused: no further information
	at sun.nio.ch.SocketChannelImpl.checkConnect(Native Method)
	at sun.nio.ch.SocketChannelImpl.finishConnect(Unknown Source)
	at org.apache.zookeeper.ClientCnxnSocketNIO.doTransport(ClientCnxnSocketNIO.java:350)
	at org.apache.zookeeper.ClientCnxn$SendThread.run(ClientCnxn.java:1068)
[INFO ]2014-06-12 16:29:33 :Opening socket connection to server 0:0:0:0:0:0:0:1/0:0:0:0:0:0:0:1:2181. Will not attempt to authenticate using SASL (unknown error)
[WARN ]2014-06-12 16:29:34 :Session 0x0 for server null, unexpected error, closing socket connection and attempting reconnect
java.net.ConnectException: Connection refused: no further information
	at sun.nio.ch.SocketChannelImpl.checkConnect(Native Method)
	at sun.nio.ch.SocketChannelImpl.finishConnect(Unknown Source)
	at org.apache.zookeeper.ClientCnxnSocketNIO.doTransport(ClientCnxnSocketNIO.java:350)
	at org.apache.zookeeper.ClientCnxn$SendThread.run(ClientCnxn.java:1068)
[INFO ]2014-06-12 16:29:35 :Opening socket connection to server 127.0.0.1/127.0.0.1:2181. Will not attempt to authenticate using SASL (unknown error)
[WARN ]2014-06-12 16:29:36 :Session 0x0 for server null, unexpected error, closing socket connection and attempting reconnect
java.net.ConnectException: Connection refused: no further information
	at sun.nio.ch.SocketChannelImpl.checkConnect(Native Method)
	at sun.nio.ch.SocketChannelImpl.finishConnect(Unknown Source)
	at org.apache.zookeeper.ClientCnxnSocketNIO.doTransport(ClientCnxnSocketNIO.java:350)
	at org.apache.zookeeper.ClientCnxn$SendThread.run(ClientCnxn.java:1068)
[INFO ]2014-06-12 16:29:37 :Opening socket connection to server 0:0:0:0:0:0:0:1/0:0:0:0:0:0:0:1:2181. Will not attempt to authenticate using SASL (unknown error)
[WARN ]2014-06-12 16:29:38 :Session 0x0 for server null, unexpected error, closing socket connection and attempting reconnect
java.net.ConnectException: Connection refused: no further information
	at sun.nio.ch.SocketChannelImpl.checkConnect(Native Method)
	at sun.nio.ch.SocketChannelImpl.finishConnect(Unknown Source)
	at org.apache.zookeeper.ClientCnxnSocketNIO.doTransport(ClientCnxnSocketNIO.java:350)
	at org.apache.zookeeper.ClientCnxn$SendThread.run(ClientCnxn.java:1068)
[INFO ]2014-06-12 16:29:39 :Opening socket connection to server 127.0.0.1/127.0.0.1:2181. Will not attempt to authenticate using SASL (unknown error)
[WARN ]2014-06-12 16:29:40 :Session 0x0 for server null, unexpected error, closing socket connection and attempting reconnect
java.net.ConnectException: Connection refused: no further information
	at sun.nio.ch.SocketChannelImpl.checkConnect(Native Method)
	at sun.nio.ch.SocketChannelImpl.finishConnect(Unknown Source)
	at org.apache.zookeeper.ClientCnxnSocketNIO.doTransport(ClientCnxnSocketNIO.java:350)
	at org.apache.zookeeper.ClientCnxn$SendThread.run(ClientCnxn.java:1068)
[WARN ]2014-06-12 16:29:40 :Possibly transient ZooKeeper, quorum=localhost:2181, exception=org.apache.zookeeper.KeeperException$ConnectionLossException: KeeperErrorCode = ConnectionLoss for /hbase/meta-region-server
[INFO ]2014-06-12 16:29:40 :Opening socket connection to server 0:0:0:0:0:0:0:1/0:0:0:0:0:0:0:1:2181. Will not attempt to authenticate using SASL (unknown error)
[ERROR]2014-06-12 16:29:40 :ZooKeeper getData failed after 4 attempts
[WARN ]2014-06-12 16:29:40 :hconnection-0x28acb67a, quorum=localhost:2181, baseZNode=/hbase Unable to get data of znode /hbase/meta-region-server
org.apache.zookeeper.KeeperException$ConnectionLossException: KeeperErrorCode = ConnectionLoss for /hbase/meta-region-server
	at org.apache.zookeeper.KeeperException.create(KeeperException.java:99)
	at org.apache.zookeeper.KeeperException.create(KeeperException.java:51)
	at org.apache.zookeeper.ZooKeeper.getData(ZooKeeper.java:1151)
	at org.apache.hadoop.hbase.zookeeper.RecoverableZooKeeper.getData(RecoverableZooKeeper.java:337)
	at org.apache.hadoop.hbase.zookeeper.ZKUtil.getData(ZKUtil.java:683)
	at org.apache.hadoop.hbase.zookeeper.ZKUtil.blockUntilAvailable(ZKUtil.java:1829)
	at org.apache.hadoop.hbase.zookeeper.MetaRegionTracker.blockUntilAvailable(MetaRegionTracker.java:183)
	at org.apache.hadoop.hbase.client.ZooKeeperRegistry.getMetaRegionLocation(ZooKeeperRegistry.java:58)
	at org.apache.hadoop.hbase.client.HConnectionManager$HConnectionImplementation.locateRegion(HConnectionManager.java:1056)
	at org.apache.hadoop.hbase.client.HConnectionManager$HConnectionImplementation.locateRegionInMeta(HConnectionManager.java:1146)
	at org.apache.hadoop.hbase.client.HConnectionManager$HConnectionImplementation.locateRegion(HConnectionManager.java:1059)
	at org.apache.hadoop.hbase.client.HConnectionManager$HConnectionImplementation.locateRegion(HConnectionManager.java:1016)
	at org.apache.hadoop.hbase.client.HTable.finishSetup(HTable.java:326)
	at org.apache.hadoop.hbase.client.HTable.<init>(HTable.java:192)
	at org.apache.hadoop.hbase.client.HTable.<init>(HTable.java:150)
	at com.jcm.hbase.client.HBaseClient.write(HBaseClient.java:32)
	at com.jcm.hbase.client.HBaseClient.main(HBaseClient.java:63)
[ERROR]2014-06-12 16:29:40 :hconnection-0x28acb67a, quorum=localhost:2181, baseZNode=/hbase Received unexpected KeeperException, re-throwing exception
org.apache.zookeeper.KeeperException$ConnectionLossException: KeeperErrorCode = ConnectionLoss for /hbase/meta-region-server
	at org.apache.zookeeper.KeeperException.create(KeeperException.java:99)
	at org.apache.zookeeper.KeeperException.create(KeeperException.java:51)
	at org.apache.zookeeper.ZooKeeper.getData(ZooKeeper.java:1151)
	at org.apache.hadoop.hbase.zookeeper.RecoverableZooKeeper.getData(RecoverableZooKeeper.java:337)
	at org.apache.hadoop.hbase.zookeeper.ZKUtil.getData(ZKUtil.java:683)
	at org.apache.hadoop.hbase.zookeeper.ZKUtil.blockUntilAvailable(ZKUtil.java:1829)
	at org.apache.hadoop.hbase.zookeeper.MetaRegionTracker.blockUntilAvailable(MetaRegionTracker.java:183)
	at org.apache.hadoop.hbase.client.ZooKeeperRegistry.getMetaRegionLocation(ZooKeeperRegistry.java:58)
	at org.apache.hadoop.hbase.client.HConnectionManager$HConnectionImplementation.locateRegion(HConnectionManager.java:1056)
	at org.apache.hadoop.hbase.client.HConnectionManager$HConnectionImplementation.locateRegionInMeta(HConnectionManager.java:1146)
	at org.apache.hadoop.hbase.client.HConnectionManager$HConnectionImplementation.locateRegion(HConnectionManager.java:1059)
	at org.apache.hadoop.hbase.client.HConnectionManager$HConnectionImplementation.locateRegion(HConnectionManager.java:1016)
	at org.apache.hadoop.hbase.client.HTable.finishSetup(HTable.java:326)
	at org.apache.hadoop.hbase.client.HTable.<init>(HTable.java:192)
	at org.apache.hadoop.hbase.client.HTable.<init>(HTable.java:150)
	at com.jcm.hbase.client.HBaseClient.write(HBaseClient.java:32)
	at com.jcm.hbase.client.HBaseClient.main(HBaseClient.java:63)
[WARN ]2014-06-12 16:29:40 :Unexpected exception handling blockUntilAvailable
org.apache.zookeeper.KeeperException$ConnectionLossException: KeeperErrorCode = ConnectionLoss for /hbase/meta-region-server
	at org.apache.zookeeper.KeeperException.create(KeeperException.java:99)
	at org.apache.zookeeper.KeeperException.create(KeeperException.java:51)
	at org.apache.zookeeper.ZooKeeper.getData(ZooKeeper.java:1151)
	at org.apache.hadoop.hbase.zookeeper.RecoverableZooKeeper.getData(RecoverableZooKeeper.java:337)
	at org.apache.hadoop.hbase.zookeeper.ZKUtil.getData(ZKUtil.java:683)
	at org.apache.hadoop.hbase.zookeeper.ZKUtil.blockUntilAvailable(ZKUtil.java:1829)
	at org.apache.hadoop.hbase.zookeeper.MetaRegionTracker.blockUntilAvailable(MetaRegionTracker.java:183)
	at org.apache.hadoop.hbase.client.ZooKeeperRegistry.getMetaRegionLocation(ZooKeeperRegistry.java:58)
	at org.apache.hadoop.hbase.client.HConnectionManager$HConnectionImplementation.locateRegion(HConnectionManager.java:1056)
	at org.apache.hadoop.hbase.client.HConnectionManager$HConnectionImplementation.locateRegionInMeta(HConnectionManager.java:1146)
	at org.apache.hadoop.hbase.client.HConnectionManager$HConnectionImplementation.locateRegion(HConnectionManager.java:1059)
	at org.apache.hadoop.hbase.client.HConnectionManager$HConnectionImplementation.locateRegion(HConnectionManager.java:1016)
	at org.apache.hadoop.hbase.client.HTable.finishSetup(HTable.java:326)
	at org.apache.hadoop.hbase.client.HTable.<init>(HTable.java:192)
	at org.apache.hadoop.hbase.client.HTable.<init>(HTable.java:150)
	at com.jcm.hbase.client.HBaseClient.write(HBaseClient.java:32)
	at com.jcm.hbase.client.HBaseClient.main(HBaseClient.java:63)
